<?xml version="1.0" encoding="UTF-8"?>
<!-- Generated by org.testng.reporters.JUnitReportReporter -->
<testsuite hostname="HI" failures="0" tests="1" name="Search.SearchingForProducts" time="6.012" errors="0" timestamp="2023-10-04T12:25:58 IST" skipped="0">
  <testcase classname="Search.SearchingForProducts" name="verify_Designer_SalePrice_And_RetailPrice" time="6.012"/>
  <system-out/>
</testsuite> <!-- Search.SearchingForProducts -->
