<?xml version="1.0" encoding="UTF-8"?>
<!-- Generated by org.testng.reporters.JUnitReportReporter -->
<testsuite hostname="HI" failures="0" tests="1" name="ProductsBasedCategory.Products" time="15.066" errors="0" timestamp="2023-10-03T14:12:24 IST" skipped="0">
  <testcase classname="ProductsBasedCategory.Products" name="categoryNamesChecking" time="15.066"/>
  <system-out/>
</testsuite> <!-- ProductsBasedCategory.Products -->
