<?xml version="1.0" encoding="UTF-8"?>
<!-- Generated by org.testng.reporters.JUnitReportReporter -->
<testsuite hostname="HI" failures="0" tests="5" name="UserManagement.Login" time="24.012" errors="0" timestamp="2023-10-03T11:35:57 IST" skipped="0">
  <testcase classname="UserManagement.Login" name="loginWithValidCredentials" time="11.318"/>
  <system-out/>
  <testcase classname="UserManagement.Login" name="loginWithInvalidEmail" time="2.678"/>
  <system-out/>
  <testcase classname="UserManagement.Login" name="loginWithInvalidPassword" time="2.619"/>
  <system-out/>
  <testcase classname="UserManagement.Login" name="loginWithoutEmailID" time="5.155"/>
  <system-out/>
  <testcase classname="UserManagement.Login" name="loginWithoutPassword" time="2.242"/>
  <system-out/>
</testsuite> <!-- UserManagement.Login -->
