<?xml version="1.0" encoding="UTF-8"?>
<!-- Generated by org.testng.reporters.JUnitReportReporter -->
<testsuite hostname="HI" failures="0" tests="5" name="UserManagement.Login" time="17.996" errors="0" timestamp="2023-09-20T10:26:00 IST" skipped="0">
  <testcase classname="UserManagement.Login" name="loginWithValidCredentials" time="9.186"/>
  <system-out/>
  <testcase classname="UserManagement.Login" name="loginWithInvalidEmail" time="2.244"/>
  <system-out/>
  <testcase classname="UserManagement.Login" name="loginWithInvalidPassword" time="2.358"/>
  <system-out/>
  <testcase classname="UserManagement.Login" name="loginWithoutEmailID" time="2.384"/>
  <system-out/>
  <testcase classname="UserManagement.Login" name="loginWithoutPassword" time="1.824"/>
  <system-out/>
</testsuite> <!-- UserManagement.Login -->
