<?xml version="1.0" encoding="UTF-8"?>
<!-- Generated by org.testng.reporters.JUnitReportReporter -->
<testsuite hostname="HI" failures="0" tests="5" name="UserManagement.Login" time="24.696" errors="0" timestamp="2023-09-28T16:30:02 IST" skipped="0">
  <testcase classname="UserManagement.Login" name="loginWithValidCredentials" time="10.302"/>
  <system-out/>
  <testcase classname="UserManagement.Login" name="loginWithInvalidEmail" time="6.181"/>
  <system-out/>
  <testcase classname="UserManagement.Login" name="loginWithInvalidPassword" time="4.500"/>
  <system-out/>
  <testcase classname="UserManagement.Login" name="loginWithoutEmailID" time="1.743"/>
  <system-out/>
  <testcase classname="UserManagement.Login" name="loginWithoutPassword" time="1.970"/>
  <system-out/>
</testsuite> <!-- UserManagement.Login -->
